<?xml version="1.0" encoding="UTF-8"?>
<testsuite name="ru.netology.rest.MobileBankApiTestV2" tests="1" skipped="0" failures="0" errors="0" timestamp="2021-12-02T21:13:01" hostname="LAPTOP-0KBJ9278" time="4.774">
  <properties/>
  <testcase name="shouldReturnDemoAccounts()" classname="ru.netology.rest.MobileBankApiTestV2" time="4.774"/>
  <system-out><![CDATA[]]></system-out>
  <system-err><![CDATA[]]></system-err>
</testsuite>
