<?xml version="1.0" encoding="UTF-8"?>
<testsuite name="ru.netology.rest.MobileBankApiTestV2" tests="1" skipped="0" failures="0" errors="0" timestamp="2021-12-02T20:52:47" hostname="LAPTOP-0KBJ9278" time="8.763">
  <properties/>
  <testcase name="shouldReturnDemoAccounts()" classname="ru.netology.rest.MobileBankApiTestV2" time="8.763"/>
  <system-out><![CDATA[]]></system-out>
  <system-err><![CDATA[]]></system-err>
</testsuite>
